1.jpg                           size: 71592
12321.jpg                       size: 42427
dbLifeJC.txt                    size: 913
desktop.ini                     size: 116
insta.jpg                       size: 42427
Мозговой М. В. .pdf             size: 9498849
пи.txt                          size: 6
сеть.jpg                        size: 69153
ЫФВЦВВный.jpg                   size: 327826
эмблема WB.jpg                  size: 31978
1.jpg                           size: 71592
12321.jpg                       size: 42427
dbLifeJC.txt                    size: 913
desktop.ini                     size: 116
insta.jpg                       size: 42427
Мозговой М. В. .pdf             size: 9498849
пи.txt                          size: 6
сеть.jpg                        size: 69153
ЫФВЦВВный.jpg                   size: 327826
эмблема WB.jpg                  size: 31978
1.jpg                           size: 71592
12321.jpg                       size: 42427
dbLifeJC.txt                    size: 913
desktop.ini                     size: 116
insta.jpg                       size: 42427
Мозговой М. В. .pdf             size: 9498849
пи.txt                          size: 6
сеть.jpg                        size: 69153
ЫФВЦВВный.jpg                   size: 327826
эмблема WB.jpg                  size: 31978
1.jpg                           size: 71592
12321.jpg                       size: 42427
dbLifeJC.txt                    size: 913
desktop.ini                     size: 116
insta.jpg                       size: 42427
Мозговой М. В. .pdf             size: 9498849
пи.txt                          size: 6
сеть.jpg                        size: 69153
ЫФВЦВВный.jpg                   size: 327826
эмблема WB.jpg                  size: 31978
